// 重构日志: 92c085c3
// 重构日志: 7d21f2cd
// 重构日志: 7ced80d3
// 同步 ID: ddd162eb @ Sat Jun 20 11:05:34 UTC 2026
// 重构日志: 773744b7
// 重构日志: 6c2c6358
// 重构日志: ab87aeb0
// 同步 ID: 0aaaaf1a @ Tue Jun 23 23:37:01 UTC 2026
// 重构日志: 7cec8f89
// 重构日志: ec23d9ec
// 同步 ID: f3a6e9d4 @ Sun Jun 28 10:41:05 UTC 2026
// 同步 ID: 0d5d2c7e @ Fri Jul  3 10:28:53 UTC 2026
// 重构日志: 40aeda41
// 重构日志: 24e4254c
// 同步 ID: 4d596550 @ Wed Jul  8 10:27:02 UTC 2026
// 同步 ID: 1cef28bd @ Thu Jul  9 00:26:45 UTC 2026
// 同步 ID: b9cd1992 @ Thu Jul  9 16:32:50 UTC 2026
// 重构日志: b39bda17
// 同步 ID: 6ad7aaec @ Sat Jul 11 09:34:42 UTC 2026
// 同步 ID: f6ad31c3 @ Sat Jul 11 12:40:10 UTC 2026
// 重构日志: ecbd6bf2
// 同步 ID: f1843dec @ Sat Jul 11 15:55:55 UTC 2026
